Copyright 1986-2018 Xilinx, Inc. All Rights Reserved.
---------------------------------------------------------------------------------------------
| Tool Version : Vivado v.2018.3 (win64) Build 2405991 Thu Dec  6 23:38:27 MST 2018
| Date         : Fri Jan  8 12:07:14 2021
| Host         : DESKTOP-7PI6K42 running 64-bit major release  (build 9200)
| Command      : report_control_sets -verbose -file design_1_wrapper_control_sets_placed.rpt
| Design       : design_1_wrapper
| Device       : xc7a100t
---------------------------------------------------------------------------------------------

Control Set Information

Table of Contents
-----------------
1. Summary
2. Histogram
3. Flip-Flop Distribution
4. Detailed Control Set Information

1. Summary
----------

+----------------------------------------------------------+-------+
|                          Status                          | Count |
+----------------------------------------------------------+-------+
| Number of unique control sets                            |   104 |
| Unused register locations in slices containing registers |   266 |
+----------------------------------------------------------+-------+


2. Histogram
------------

+--------+--------------+
| Fanout | Control Sets |
+--------+--------------+
|      1 |            8 |
|      2 |            2 |
|      3 |            1 |
|      4 |           18 |
|      5 |            3 |
|      6 |            8 |
|      7 |            2 |
|      8 |           22 |
|     10 |            3 |
|     11 |            2 |
|     12 |            1 |
|     13 |            1 |
|     14 |            1 |
|    16+ |           32 |
+--------+--------------+


3. Flip-Flop Distribution
-------------------------

+--------------+-----------------------+------------------------+-----------------+--------------+
| Clock Enable | Synchronous Set/Reset | Asynchronous Set/Reset | Total Registers | Total Slices |
+--------------+-----------------------+------------------------+-----------------+--------------+
| No           | No                    | No                     |             297 |          121 |
| No           | No                    | Yes                    |              29 |            9 |
| No           | Yes                   | No                     |             380 |          167 |
| Yes          | No                    | No                     |             274 |           84 |
| Yes          | No                    | Yes                    |              15 |            8 |
| Yes          | Yes                   | No                     |             891 |          280 |
+--------------+-----------------------+------------------------+-----------------+--------------+


4. Detailed Control Set Information
-----------------------------------

+----------------------------------------------------------------+------------------------------------------------------------------------------------------------------------------------------------------------------------------------------------------------------------+------------------------------------------------------------------------------------------------------------------------------------------------+------------------+----------------+
|                          Clock Signal                          |                                                                                                Enable Signal                                                                                               |                                                                Set/Reset Signal                                                                | Slice Load Count | Bel Load Count |
+----------------------------------------------------------------+------------------------------------------------------------------------------------------------------------------------------------------------------------------------------------------------------------+------------------------------------------------------------------------------------------------------------------------------------------------+------------------+----------------+
|  design_1_i/mdm_1/U0/No_Dbg_Reg_Access.BUFG_DRCK/Ext_JTAG_DRCK | design_1_i/mdm_1/U0/Use_E2.BSCAN_I/Use_BSCAN.PORT_Selector_reg[0]                                                                                                                                          | design_1_i/mdm_1/U0/MDM_Core_I1/JTAG_CONTROL_I/sel_with_scan_reset19_out                                                                       |                1 |              1 |
| ~design_1_i/mdm_1/U0/No_Dbg_Reg_Access.BUFG_DRCK/Ext_JTAG_DRCK | design_1_i/mdm_1/U0/MDM_Core_I1/JTAG_CONTROL_I/Use_BSCAN.FDC_I/CE                                                                                                                                          | design_1_i/mdm_1/U0/MDM_Core_I1/JTAG_CONTROL_I/Use_BSCAN.FDC_I/D_1                                                                             |                1 |              1 |
|  design_1_i/mdm_1/U0/Use_E2.BSCAN_I/Dbg_Update_0               | design_1_i/microblaze_0/U0/MicroBlaze_Core_I/Performance.Core/Use_Debug_Logic.Master_Core.Debug_Perf/Control_Reg_En                                                                                        | design_1_i/microblaze_0/U0/MicroBlaze_Core_I/Performance.Core/Use_Debug_Logic.Master_Core.Debug_Perf/Serial_Dbg_Intf.continue_from_brk_reg_n_0 |                1 |              1 |
|  design_1_i/mdm_1/U0/Use_E2.BSCAN_I/Dbg_Update_0               | design_1_i/microblaze_0/U0/MicroBlaze_Core_I/Performance.Core/Use_Debug_Logic.Master_Core.Debug_Perf/Control_Reg_En                                                                                        | design_1_i/microblaze_0/U0/MicroBlaze_Core_I/Performance.Core/Use_Debug_Logic.Master_Core.Debug_Perf/Serial_Dbg_Intf.force_stop_cmd_i_reg_0    |                1 |              1 |
|  design_1_i/mdm_1/U0/Use_E2.BSCAN_I/Dbg_Update_0               | design_1_i/microblaze_0/U0/MicroBlaze_Core_I/Performance.Core/Use_Debug_Logic.Master_Core.Debug_Perf/Control_Reg_En                                                                                        | design_1_i/microblaze_0/U0/MicroBlaze_Core_I/Performance.Core/Use_Debug_Logic.Master_Core.Debug_Perf/Serial_Dbg_Intf.normal_stop_cmd_i_reg_n_0 |                1 |              1 |
|  design_1_i/mdm_1/U0/Use_E2.BSCAN_I/Dbg_Update_0               | design_1_i/microblaze_0/U0/MicroBlaze_Core_I/Performance.Core/Use_Debug_Logic.Master_Core.Debug_Perf/Control_Reg_En                                                                                        | design_1_i/microblaze_0/U0/MicroBlaze_Core_I/Performance.Core/Use_Debug_Logic.Master_Core.Debug_Perf/start_single_step_reg_n_0                 |                1 |              1 |
| ~design_1_i/mdm_1/U0/Use_E2.BSCAN_I/Dbg_Update_0               |                                                                                                                                                                                                            | design_1_i/mdm_1/U0/MDM_Core_I1/JTAG_CONTROL_I/sel_n                                                                                           |                1 |              1 |
|  design_1_i/clk_wiz_1/inst/clk_out1                            |                                                                                                                                                                                                            | design_1_i/microblaze_0/U0/MicroBlaze_Core_I/Performance.Core/Use_Debug_Logic.Master_Core.Debug_Perf/capture_1                                 |                1 |              1 |
|  design_1_i/clk_wiz_1/inst/clk_out1                            | design_1_i/microblaze_0/U0/MicroBlaze_Core_I/Performance.Core/Decode_I/Use_MuxCy[11].OF_Piperun_Stage/MUXCY_I/of_pause_reg                                                                                 |                                                                                                                                                |                1 |              2 |
|  design_1_i/mdm_1/U0/Use_E2.BSCAN_I/Dbg_Update_0               | design_1_i/microblaze_0/U0/MicroBlaze_Core_I/Performance.Core/Use_Debug_Logic.Master_Core.Debug_Perf/Command_Reg_En                                                                                        | design_1_i/microblaze_0/U0/MicroBlaze_Core_I/Performance.Core/Use_Debug_Logic.Master_Core.Debug_Perf/command_reg_clear                         |                1 |              2 |
|  design_1_i/mdm_1/U0/Use_E2.BSCAN_I/Dbg_Update_0               |                                                                                                                                                                                                            |                                                                                                                                                |                1 |              3 |
|  design_1_i/clk_wiz_1/inst/clk_out1                            |                                                                                                                                                                                                            | design_1_i/PmodBT2_0/inst/axi_uart16550_0/U0/XUART_I_1/UART16550_I_1/msr_reg0                                                                  |                2 |              4 |
|  design_1_i/clk_wiz_1/inst/clk_out1                            | design_1_i/PmodBT2_0/inst/axi_uart16550_0/U0/XUART_I_1/UART16550_I_1/GENERATING_FIFOS.rx_error_in_fifo_cnt[3]_i_2_n_0                                                                                      | design_1_i/PmodBT2_0/inst/axi_uart16550_0/U0/XUART_I_1/UART16550_I_1/p_1_out                                                                   |                1 |              4 |
|  design_1_i/clk_wiz_1/inst/clk_out1                            | design_1_i/PmodBT2_0/inst/axi_uart16550_0/U0/AXI_LITE_IPIF_I/I_SLAVE_ATTACHMENT/bus2ip_addr_i[4]_i_1_n_0                                                                                                   | design_1_i/PmodBT2_0/inst/axi_uart16550_0/U0/bus2ip_reset_int_core                                                                             |                1 |              4 |
|  design_1_i/clk_wiz_1/inst/clk_out1                            | design_1_i/PmodBT2_0/inst/axi_uart16550_0/U0/XUART_I_1/UART16550_I_1/tx16550_1/clkdiv[3]_i_1__0_n_0                                                                                                        | design_1_i/PmodBT2_0/inst/axi_uart16550_0/U0/bus2ip_reset_int_core                                                                             |                1 |              4 |
|  design_1_i/mdm_1/U0/No_Dbg_Reg_Access.BUFG_DRCK/Ext_JTAG_DRCK | design_1_i/mdm_1/U0/MDM_Core_I1/p_3_out                                                                                                                                                                    | design_1_i/mdm_1/U0/Use_E2.BSCAN_I/AR[0]                                                                                                       |                1 |              4 |
|  design_1_i/clk_wiz_1/inst/clk_out1                            | design_1_i/PmodBT2_0/inst/axi_uart16550_0/U0/XUART_I_1/UART16550_I_1/rx16550_1/clkdiv[3]_i_1_n_0                                                                                                           |                                                                                                                                                |                2 |              4 |
|  design_1_i/clk_wiz_1/inst/clk_out1                            |                                                                                                                                                                                                            | design_1_i/PmodBT2_0/inst/axi_gpio_0/U0/AXI_LITE_IPIF_I/I_SLAVE_ATTACHMENT/I_DECODER/bus2ip_rnw_i_reg                                          |                1 |              4 |
|  design_1_i/clk_wiz_1/inst/clk_out1                            | design_1_i/axi_uartlite_0/U0/UARTLITE_CORE_I/BAUD_RATE_I/p_2_out[0]                                                                                                                                        |                                                                                                                                                |                1 |              4 |
|  design_1_i/mdm_1/U0/Use_E2.BSCAN_I/Dbg_Update_0               | design_1_i/mdm_1/U0/MDM_Core_I1/MDM_SEL                                                                                                                                                                    | design_1_i/mdm_1/U0/Use_E2.BSCAN_I/AR[0]                                                                                                       |                1 |              4 |
|  design_1_i/mdm_1/U0/Use_E2.BSCAN_I/Dbg_Update_0               | design_1_i/microblaze_0/U0/MicroBlaze_Core_I/Performance.Core/Use_Debug_Logic.Master_Core.Debug_Perf/Control_Reg_En                                                                                        |                                                                                                                                                |                1 |              4 |
| ~design_1_i/mdm_1/U0/Use_E2.BSCAN_I/Dbg_Update_0               |                                                                                                                                                                                                            | design_1_i/mdm_1/U0/Use_E2.BSCAN_I/AR[0]                                                                                                       |                1 |              4 |
|  design_1_i/clk_wiz_1/inst/clk_out1                            | design_1_i/axi_uartlite_0/U0/AXI_LITE_IPIF_I/I_SLAVE_ATTACHMENT/start2                                                                                                                                     | design_1_i/axi_uartlite_0/U0/AXI_LITE_IPIF_I/I_SLAVE_ATTACHMENT/I_DECODER/cs_ce_clr                                                            |                1 |              4 |
|  design_1_i/clk_wiz_1/inst/clk_out1                            | design_1_i/PmodBT2_0/inst/axi_uart16550_0/U0/XUART_I_1/UART16550_I_1/msr_reg0                                                                                                                              |                                                                                                                                                |                1 |              4 |
|  design_1_i/clk_wiz_1/inst/clk_out1                            |                                                                                                                                                                                                            | design_1_i/PmodBT2_0/inst/axi_gpio_0/U0/AXI_LITE_IPIF_I/I_SLAVE_ATTACHMENT/clear                                                               |                1 |              4 |
|  design_1_i/clk_wiz_1/inst/clk_out1                            | design_1_i/PmodBT2_0/inst/axi_uart16550_0/U0/XUART_I_1/UART16550_I_1/ier1                                                                                                                                  | design_1_i/PmodBT2_0/inst/axi_uart16550_0/U0/bus2ip_reset_int_core                                                                             |                1 |              4 |
|  design_1_i/clk_wiz_1/inst/clk_out1                            | design_1_i/PmodBT2_0/inst/axi_gpio_0/U0/AXI_LITE_IPIF_I/I_SLAVE_ATTACHMENT/bus2ip_addr_i[8]_i_1_n_0                                                                                                        | design_1_i/PmodBT2_0/inst/axi_gpio_0/U0/AXI_LITE_IPIF_I/I_SLAVE_ATTACHMENT/SR[0]                                                               |                1 |              4 |
|  design_1_i/clk_wiz_1/inst/clk_out1                            |                                                                                                                                                                                                            | design_1_i/PmodBT2_0/inst/axi_uart16550_0/U0/XUART_I_1/UART16550_I_1/rx16550_1/framing_error_flag0                                             |                3 |              4 |
|  design_1_i/clk_wiz_1/inst/clk_out1                            | design_1_i/PmodBT2_0/inst/axi_gpio_0/U0/AXI_LITE_IPIF_I/I_SLAVE_ATTACHMENT/start2                                                                                                                          | design_1_i/PmodBT2_0/inst/axi_gpio_0/U0/AXI_LITE_IPIF_I/I_SLAVE_ATTACHMENT/I_DECODER/cs_ce_clr                                                 |                1 |              4 |
|  design_1_i/clk_wiz_1/inst/clk_out1                            | design_1_i/microblaze_0/U0/MicroBlaze_Core_I/Performance.Core/Decode_I/wb_Halted                                                                                                                           | design_1_i/microblaze_0/U0/MicroBlaze_Core_I/sync_reset                                                                                        |                1 |              5 |
|  design_1_i/clk_wiz_1/inst/clk_out1                            | design_1_i/PmodBT2_0/inst/axi_uart16550_0/U0/XUART_I_1/UART16550_I_1/mcr0                                                                                                                                  | design_1_i/PmodBT2_0/inst/axi_uart16550_0/U0/bus2ip_reset_int_core                                                                             |                2 |              5 |
|  design_1_i/clk_wiz_1/inst/clk_out1                            |                                                                                                                                                                                                            | design_1_i/rst_clk_wiz_1_100M/U0/EXT_LPF/lpf_int                                                                                               |                4 |              5 |
|  design_1_i/clk_wiz_1/inst/clk_out1                            | design_1_i/rst_clk_wiz_1_100M/U0/SEQ/seq_cnt_en                                                                                                                                                            | design_1_i/rst_clk_wiz_1_100M/U0/SEQ/SEQ_COUNTER/clear                                                                                         |                1 |              6 |
|  design_1_i/clk_wiz_1/inst/clk_out1                            |                                                                                                                                                                                                            | design_1_i/axi_uartlite_0/U0/UARTLITE_CORE_I/UARTLITE_RX_I/SRL_FIFO_I/I_SRL_FIFO_RBU_F/CNTR_INCR_DECR_ADDN_F_I/SS[0]                           |                2 |              6 |
|  design_1_i/mdm_1/U0/No_Dbg_Reg_Access.BUFG_DRCK/Ext_JTAG_DRCK | design_1_i/mdm_1/U0/MDM_Core_I1/JTAG_CONTROL_I/Use_BSCAN.FDC_I/Use_BSCAN.command_reg[5][0]                                                                                                                 |                                                                                                                                                |                3 |              6 |
|  design_1_i/clk_wiz_1/inst/clk_out1                            |                                                                                                                                                                                                            | design_1_i/axi_uartlite_0/U0/UARTLITE_CORE_I/UARTLITE_TX_I/SRL_FIFO_I/I_SRL_FIFO_RBU_F/CNTR_INCR_DECR_ADDN_F_I/SS[0]                           |                3 |              6 |
|  design_1_i/mdm_1/U0/No_Dbg_Reg_Access.BUFG_DRCK/Ext_JTAG_DRCK | design_1_i/mdm_1/U0/Use_E2.BSCAN_I/E[0]                                                                                                                                                                    |                                                                                                                                                |                1 |              6 |
|  design_1_i/clk_wiz_1/inst/clk_out1                            |                                                                                                                                                                                                            | design_1_i/PmodBT2_0/inst/axi_uart16550_0/U0/XUART_I_1/UART16550_I_1/rx_fifo_rst                                                               |                2 |              6 |
|  design_1_i/mdm_1/U0/No_Dbg_Reg_Access.BUFG_DRCK/Ext_JTAG_DRCK | design_1_i/mdm_1/U0/Use_E2.BSCAN_I/Use_BSCAN.command_reg[5][0]                                                                                                                                             |                                                                                                                                                |                2 |              6 |
|  design_1_i/clk_wiz_1/inst/clk_out1                            |                                                                                                                                                                                                            | design_1_i/PmodBT2_0/inst/axi_uart16550_0/U0/XUART_I_1/UART16550_I_1/tx_fifo_rst                                                               |                4 |              6 |
|  design_1_i/clk_wiz_1/inst/clk_out1                            | design_1_i/PmodBT2_0/inst/axi_uart16550_0/U0/XUART_I_1/UART16550_I_1/rx16550_1/clk1x                                                                                                                       | design_1_i/PmodBT2_0/inst/axi_uart16550_0/U0/XUART_I_1/UART16550_I_1/rx16550_1/parity_error_d0                                                 |                4 |              7 |
|  design_1_i/clk_wiz_1/inst/clk_out1                            | design_1_i/axi_uartlite_0/U0/UARTLITE_CORE_I/BAUD_RATE_I/p_2_out[0]                                                                                                                                        | design_1_i/axi_uartlite_0/U0/UARTLITE_CORE_I/UARTLITE_RX_I/SERIAL_TO_PARALLEL[8].fifo_din[8]_i_1_n_0                                           |                2 |              7 |
|  design_1_i/clk_wiz_1/inst/clk_out1                            | design_1_i/PmodBT2_0/inst/axi_uart16550_0/U0/AXI_LITE_IPIF_I/I_SLAVE_ATTACHMENT/s_axi_rresp_i                                                                                                              | design_1_i/PmodBT2_0/inst/axi_uart16550_0/U0/bus2ip_reset_int_core                                                                             |                2 |              8 |
|  design_1_i/clk_wiz_1/inst/clk_out1                            | design_1_i/PmodBT2_0/inst/axi_uart16550_0/U0/XUART_I_1/UART16550_I_1/Thr0                                                                                                                                  | design_1_i/PmodBT2_0/inst/axi_uart16550_0/U0/bus2ip_reset_int_core                                                                             |                1 |              8 |
|  design_1_i/mdm_1/U0/No_Dbg_Reg_Access.BUFG_DRCK/Ext_JTAG_DRCK | design_1_i/mdm_1/U0/MDM_Core_I1/JTAG_CONTROL_I/tdi_shifter0                                                                                                                                                |                                                                                                                                                |                2 |              8 |
|  design_1_i/clk_wiz_1/inst/clk_out1                            | design_1_i/axi_uartlite_0/U0/AXI_LITE_IPIF_I/I_SLAVE_ATTACHMENT/s_axi_rresp_i                                                                                                                              | design_1_i/axi_uartlite_0/U0/AXI_LITE_IPIF_I/I_SLAVE_ATTACHMENT/rst                                                                            |                4 |              8 |
|  design_1_i/mdm_1/U0/No_Dbg_Reg_Access.BUFG_DRCK/Ext_JTAG_DRCK | design_1_i/microblaze_0/U0/MicroBlaze_Core_I/Performance.Core/Use_Debug_Logic.Master_Core.Debug_Perf/Using_PC_Breakpoints.All_PC_Brks[0].Serial_Interface_1.address_hit_I/Compare[0].SRLC16E_I/which_pc__0 |                                                                                                                                                |                7 |              8 |
|  design_1_i/clk_wiz_1/inst/clk_out1                            | design_1_i/axi_uartlite_0/U0/AXI_LITE_IPIF_I/I_SLAVE_ATTACHMENT/I_DECODER/fifo_wr                                                                                                                          |                                                                                                                                                |                1 |              8 |
|  design_1_i/mdm_1/U0/Use_E2.BSCAN_I/Dbg_Update_0               | design_1_i/mdm_1/U0/MDM_Core_I1/JTAG_CONTROL_I/Use_BSCAN.FDC_I/Use_BSCAN.PORT_Selector_reg[2][0]                                                                                                           |                                                                                                                                                |                2 |              8 |
| ~design_1_i/mdm_1/U0/Use_E2.BSCAN_I/Dbg_Update_0               | design_1_i/mdm_1/U0/MDM_Core_I1/JTAG_CONTROL_I/Use_BSCAN.command[0]_i_1_n_0                                                                                                                                |                                                                                                                                                |                3 |              8 |
|  design_1_i/clk_wiz_1/inst/clk_out1                            | design_1_i/PmodBT2_0/inst/axi_uart16550_0/U0/XUART_I_1/UART16550_I_1/GENERATING_FIFOS.tx_fifo_block_1/srl_fifo_rbu_f_i1/DYNSHREG_F_I/tx_fifo_wr_en_i                                                       |                                                                                                                                                |                1 |              8 |
|  design_1_i/clk_wiz_1/inst/clk_out1                            | design_1_i/PmodMAXSONAR_0/inst/PWM_Analyzer_0/inst/PWM_Analyzer_v1_0_S00_AXI_inst/p_0_in[7]                                                                                                                | design_1_i/PmodMAXSONAR_0/inst/PWM_Analyzer_0/inst/PWM_Analyzer_v1_0_S00_AXI_inst/pulse_length/SR[0]                                           |                3 |              8 |
|  design_1_i/clk_wiz_1/inst/clk_out1                            | design_1_i/PmodMAXSONAR_0/inst/PWM_Analyzer_0/inst/PWM_Analyzer_v1_0_S00_AXI_inst/p_0_in[15]                                                                                                               | design_1_i/PmodMAXSONAR_0/inst/PWM_Analyzer_0/inst/PWM_Analyzer_v1_0_S00_AXI_inst/pulse_length/SR[0]                                           |                2 |              8 |
|  design_1_i/clk_wiz_1/inst/clk_out1                            | design_1_i/PmodMAXSONAR_0/inst/PWM_Analyzer_0/inst/PWM_Analyzer_v1_0_S00_AXI_inst/p_0_in[31]                                                                                                               | design_1_i/PmodMAXSONAR_0/inst/PWM_Analyzer_0/inst/PWM_Analyzer_v1_0_S00_AXI_inst/pulse_length/SR[0]                                           |                1 |              8 |
|  design_1_i/clk_wiz_1/inst/clk_out1                            | design_1_i/PmodBT2_0/inst/axi_uart16550_0/U0/XUART_I_1/UART16550_I_1/p_92_in                                                                                                                               | design_1_i/PmodBT2_0/inst/axi_uart16550_0/U0/bus2ip_reset_int_core                                                                             |                3 |              8 |
|  design_1_i/clk_wiz_1/inst/clk_out1                            | design_1_i/PmodBT2_0/inst/axi_uart16550_0/U0/XUART_I_1/UART16550_I_1/scr0                                                                                                                                  | design_1_i/PmodBT2_0/inst/axi_uart16550_0/U0/bus2ip_reset_int_core                                                                             |                4 |              8 |
|  design_1_i/clk_wiz_1/inst/clk_out1                            | design_1_i/PmodBT2_0/inst/axi_uart16550_0/U0/XUART_I_1/UART16550_I_1/rx16550_1/rbr_d0                                                                                                                      | design_1_i/PmodBT2_0/inst/axi_uart16550_0/U0/XUART_I_1/UART16550_I_1/rx16550_1/rx_rst                                                          |                2 |              8 |
|  design_1_i/clk_wiz_1/inst/clk_out1                            | design_1_i/axi_uartlite_0/U0/UARTLITE_CORE_I/UARTLITE_RX_I/SRL_FIFO_I/I_SRL_FIFO_RBU_F/DYNSHREG_F_I/fifo_wr                                                                                                |                                                                                                                                                |                1 |              8 |
|  design_1_i/clk_wiz_1/inst/clk_out1                            | design_1_i/PmodMAXSONAR_0/inst/PWM_Analyzer_0/inst/PWM_Analyzer_v1_0_S00_AXI_inst/p_0_in[23]                                                                                                               | design_1_i/PmodMAXSONAR_0/inst/PWM_Analyzer_0/inst/PWM_Analyzer_v1_0_S00_AXI_inst/pulse_length/SR[0]                                           |                2 |              8 |
|  design_1_i/clk_wiz_1/inst/clk_out1                            | design_1_i/PmodBT2_0/inst/axi_uart16550_0/U0/XUART_I_1/UART16550_I_1/xuart_tx_load_sm_1/tsr_com                                                                                                            | design_1_i/PmodBT2_0/inst/axi_uart16550_0/U0/bus2ip_reset_int_core                                                                             |                1 |              8 |
|  design_1_i/clk_wiz_1/inst/clk_out1                            | design_1_i/PmodBT2_0/inst/axi_uart16550_0/U0/XUART_I_1/UART16550_I_1/rx16550_1/clk1x_d                                                                                                                     | design_1_i/PmodBT2_0/inst/axi_uart16550_0/U0/XUART_I_1/UART16550_I_1/rx16550_1/rx_rst                                                          |                2 |              8 |
|  design_1_i/clk_wiz_1/inst/clk_out1                            | design_1_i/PmodBT2_0/inst/axi_uart16550_0/U0/XUART_I_1/UART16550_I_1/Lcr0                                                                                                                                  | design_1_i/PmodBT2_0/inst/axi_uart16550_0/U0/bus2ip_reset_int_core                                                                             |                2 |              8 |
|  design_1_i/clk_wiz_1/inst/clk_out1                            | design_1_i/PmodBT2_0/inst/axi_uart16550_0/U0/XUART_I_1/UART16550_I_1/dll0                                                                                                                                  | design_1_i/PmodBT2_0/inst/axi_uart16550_0/U0/bus2ip_reset_int_core                                                                             |                2 |              8 |
|  design_1_i/clk_wiz_1/inst/clk_out1                            | design_1_i/PmodBT2_0/inst/axi_uart16550_0/U0/XUART_I_1/UART16550_I_1/dlm0                                                                                                                                  | design_1_i/PmodBT2_0/inst/axi_uart16550_0/U0/bus2ip_reset_int_core                                                                             |                2 |              8 |
|  design_1_i/mdm_1/U0/No_Dbg_Reg_Access.BUFG_DRCK/Ext_JTAG_DRCK | design_1_i/mdm_1/U0/MDM_Core_I1/JTAG_CONTROL_I/Use_BSCAN.FDC_I/E[0]                                                                                                                                        |                                                                                                                                                |                4 |             10 |
|  design_1_i/clk_wiz_1/inst/clk_out1                            | design_1_i/PmodBT2_0/inst/axi_uart16550_0/U0/XUART_I_1/UART16550_I_1/GENERATING_FIFOS.rx_fifo_block_1/rx_fifo_control_1/character_counter0                                                                 | design_1_i/PmodBT2_0/inst/axi_uart16550_0/U0/XUART_I_1/UART16550_I_1/rx16550_1/SR[0]                                                           |                2 |             10 |
|  design_1_i/clk_wiz_1/inst/clk_out1                            |                                                                                                                                                                                                            | design_1_i/axi_uartlite_0/U0/AXI_LITE_IPIF_I/I_SLAVE_ATTACHMENT/rst                                                                            |                4 |             10 |
|  design_1_i/clk_wiz_1/inst/clk_out1                            |                                                                                                                                                                                                            | design_1_i/PmodMAXSONAR_0/inst/PWM_Analyzer_0/inst/PWM_Analyzer_v1_0_S00_AXI_inst/pulse_length/SR[0]                                           |                5 |             11 |
|  design_1_i/clk_wiz_1/inst/clk_out1                            | design_1_i/PmodBT2_0/inst/axi_uart16550_0/U0/XUART_I_1/UART16550_I_1/rx16550_1/rx_fifo_wr_en_i                                                                                                             |                                                                                                                                                |                2 |             11 |
|  design_1_i/clk_wiz_1/inst/clk_out1                            | design_1_i/PmodBT2_0/inst/axi_uart16550_0/U0/XUART_I_1/UART16550_I_1/rx16550_1/rclk_int                                                                                                                    | design_1_i/PmodBT2_0/inst/axi_uart16550_0/U0/XUART_I_1/UART16550_I_1/rx16550_1/rx_rst                                                          |                3 |             12 |
|  design_1_i/clk_wiz_1/inst/clk_out1                            |                                                                                                                                                                                                            | design_1_i/microblaze_0_axi_periph/xbar/inst/gen_sasd.crossbar_sasd_0/addr_arbiter_inst/SR[0]                                                  |                5 |             13 |
|  design_1_i/clk_wiz_1/inst/clk_out1                            | design_1_i/PmodBT2_0/inst/axi_uart16550_0/U0/XUART_I_1/UART16550_I_1/tx16550_1/Sout0                                                                                                                       | design_1_i/PmodBT2_0/inst/axi_uart16550_0/U0/bus2ip_reset_int_core                                                                             |                9 |             14 |
|  design_1_i/clk_wiz_1/inst/clk_out1                            | design_1_i/microblaze_0/U0/MicroBlaze_Core_I/Performance.Core/Decode_I/PreFetch_Buffer_I1/Instruction_Prefetch_Mux[4].Gen_Instr_DFF/Using_FPGA.Native_2[0]                                                 | design_1_i/microblaze_0/U0/MicroBlaze_Core_I/sync_reset                                                                                        |                7 |             16 |
|  design_1_i/clk_wiz_1/inst/clk_out1                            |                                                                                                                                                                                                            | design_1_i/PmodBT2_0/inst/axi_uart16550_0/U0/XUART_I_1/UART16550_I_1/rx16550_1/rx_rst                                                          |                6 |             18 |
|  design_1_i/clk_wiz_1/inst/clk_out1                            | design_1_i/microblaze_0/U0/MicroBlaze_Core_I/Performance.Core/Decode_I/mem_wait_on_ready_N_carry_or/MUXCY_I/lopt_1                                                                                         | design_1_i/microblaze_0/U0/MicroBlaze_Core_I/sync_reset                                                                                        |                8 |             20 |
|  design_1_i/mdm_1/U0/No_Dbg_Reg_Access.BUFG_DRCK/Ext_JTAG_DRCK |                                                                                                                                                                                                            | design_1_i/mdm_1/U0/Use_E2.BSCAN_I/shift_n_reset1_out                                                                                          |                6 |             23 |
|  design_1_i/clk_wiz_1/inst/clk_out1                            | design_1_i/microblaze_0_axi_periph/xbar/inst/gen_sasd.crossbar_sasd_0/addr_arbiter_inst/p_0_in1_in                                                                                                         | design_1_i/microblaze_0_axi_periph/xbar/inst/gen_sasd.crossbar_sasd_0/addr_arbiter_inst/SR[0]                                                  |                4 |             24 |
|  design_1_i/clk_wiz_1/inst/clk_out1                            |                                                                                                                                                                                                            | design_1_i/PmodBT2_0/inst/axi_gpio_0/U0/AXI_LITE_IPIF_I/I_SLAVE_ATTACHMENT/SR[0]                                                               |               10 |             25 |
|  design_1_i/clk_wiz_1/inst/clk_out1                            | design_1_i/axi_uartlite_0/U0/UARTLITE_CORE_I/BAUD_RATE_I/p_2_out[0]                                                                                                                                        | design_1_i/axi_uartlite_0/U0/UARTLITE_CORE_I/UARTLITE_RX_I/s_axi_aresetn_0                                                                     |                5 |             28 |
|  design_1_i/clk_wiz_1/inst/clk_out1                            |                                                                                                                                                                                                            | design_1_i/axi_uartlite_0/U0/UARTLITE_CORE_I/UARTLITE_RX_I/s_axi_aresetn_0                                                                     |               13 |             30 |
|  design_1_i/clk_wiz_1/inst/clk_out1                            | design_1_i/PmodMAXSONAR_0/inst/PWM_Analyzer_0/inst/PWM_Analyzer_v1_0_S00_AXI_inst/pulse_length/pw_high[30]_i_1_n_0                                                                                         |                                                                                                                                                |                8 |             31 |
|  design_1_i/clk_wiz_1/inst/clk_out1                            | design_1_i/PmodMAXSONAR_0/inst/PWM_Analyzer_0/inst/PWM_Analyzer_v1_0_S00_AXI_inst/pulse_length/pw_low[30]_i_1_n_0                                                                                          |                                                                                                                                                |               10 |             31 |
|  design_1_i/clk_wiz_1/inst/clk_out1                            | design_1_i/PmodMAXSONAR_0/inst/PWM_Analyzer_0/inst/PWM_Analyzer_v1_0_S00_AXI_inst/pulse_length/count_clk0[30]_i_1_n_0                                                                                      | design_1_i/PmodMAXSONAR_0/inst/PWM_Analyzer_0/inst/PWM_Analyzer_v1_0_S00_AXI_inst/pulse_length/SR[0]                                           |                7 |             31 |
|  design_1_i/clk_wiz_1/inst/clk_out1                            | design_1_i/PmodMAXSONAR_0/inst/PWM_Analyzer_0/inst/PWM_Analyzer_v1_0_S00_AXI_inst/pulse_length/count_clk1[30]_i_1_n_0                                                                                      | design_1_i/PmodMAXSONAR_0/inst/PWM_Analyzer_0/inst/PWM_Analyzer_v1_0_S00_AXI_inst/pulse_length/SR[0]                                           |                5 |             31 |
|  design_1_i/clk_wiz_1/inst/clk_out1                            | design_1_i/PmodMAXSONAR_0/inst/PWM_Analyzer_0/inst/PWM_Analyzer_v1_0_S00_AXI_inst/slv_reg_rden__0                                                                                                          | design_1_i/PmodMAXSONAR_0/inst/PWM_Analyzer_0/inst/PWM_Analyzer_v1_0_S00_AXI_inst/pulse_length/SR[0]                                           |               11 |             32 |
|  design_1_i/clk_wiz_1/inst/clk_out1                            | design_1_i/microblaze_0/U0/MicroBlaze_Core_I/Performance.Core/Decode_I/Use_MuxCy[3].OF_Piperun_Stage/MUXCY_I/Using_FPGA.Native_0                                                                           | design_1_i/microblaze_0/U0/MicroBlaze_Core_I/Performance.Core/Decode_I/R                                                                       |               12 |             32 |
|  design_1_i/clk_wiz_1/inst/clk_out1                            | design_1_i/microblaze_0_axi_periph/xbar/inst/gen_sasd.crossbar_sasd_0/reg_slice_r/s_axi_rvalid[0]                                                                                                          | design_1_i/microblaze_0/U0/MicroBlaze_Core_I/sync_reset                                                                                        |               11 |             32 |
|  design_1_i/clk_wiz_1/inst/clk_out1                            | design_1_i/microblaze_0/U0/MicroBlaze_Core_I/Performance.Core/Decode_I/PreFetch_Buffer_I1/Gen_Mux_Select_LUT6[2].Gen_Sel_DFF/Using_FPGA.Native_0[0]                                                        | design_1_i/microblaze_0/U0/MicroBlaze_Core_I/sync_reset                                                                                        |                9 |             32 |
|  design_1_i/clk_wiz_1/inst/clk_out1                            | design_1_i/microblaze_0/U0/MicroBlaze_Core_I/Performance.Core/Use_Debug_Logic.Master_Core.Debug_Perf/data_rd_reg[0]_i_1_n_0                                                                                | design_1_i/microblaze_0/U0/MicroBlaze_Core_I/sync_reset                                                                                        |               13 |             32 |
|  design_1_i/mdm_1/U0/No_Dbg_Reg_Access.BUFG_DRCK/Ext_JTAG_DRCK | design_1_i/microblaze_0/U0/MicroBlaze_Core_I/Performance.Core/Use_Debug_Logic.Master_Core.Debug_Perf/New_Dbg_Instr_TCK                                                                                     |                                                                                                                                                |               11 |             32 |
|  design_1_i/clk_wiz_1/inst/clk_out1                            | design_1_i/microblaze_0/U0/MicroBlaze_Core_I/Performance.Core/Decode_I/Use_MuxCy[3].OF_Piperun_Stage/MUXCY_I/wb_exception_kind_i_reg[28][0]                                                                | design_1_i/microblaze_0/U0/MicroBlaze_Core_I/sync_reset                                                                                        |                7 |             32 |
|  design_1_i/clk_wiz_1/inst/clk_out1                            | design_1_i/microblaze_0/U0/MicroBlaze_Core_I/Performance.Core/Decode_I/mem_wait_on_ready_N_carry_or/MUXCY_I/lopt_1                                                                                         |                                                                                                                                                |                7 |             32 |
|  design_1_i/clk_wiz_1/inst/clk_out1                            | design_1_i/microblaze_0/U0/MicroBlaze_Core_I/Performance.Core/Decode_I/mem_wait_on_ready_N_carry_or/MUXCY_I/lopt_1                                                                                         | design_1_i/microblaze_0/U0/MicroBlaze_Core_I/Performance.Core/Decode_I/SR[0]                                                                   |               11 |             32 |
|  design_1_i/clk_wiz_1/inst/clk_out1                            |                                                                                                                                                                                                            | design_1_i/microblaze_0/U0/MicroBlaze_Core_I/Performance.Core/p_1_out                                                                          |               14 |             32 |
|  design_1_i/clk_wiz_1/inst/clk_out1                            | design_1_i/microblaze_0_axi_periph/xbar/inst/gen_sasd.crossbar_sasd_0/addr_arbiter_inst/E[0]                                                                                                               |                                                                                                                                                |               11 |             33 |
|  design_1_i/clk_wiz_1/inst/clk_out1                            |                                                                                                                                                                                                            | design_1_i/PmodBT2_0/inst/axi_uart16550_0/U0/bus2ip_reset_int_core                                                                             |               20 |             47 |
|  design_1_i/mdm_1/U0/No_Dbg_Reg_Access.BUFG_DRCK/Ext_JTAG_DRCK | design_1_i/mdm_1/U0/Use_E2.BSCAN_I/Use_BSCAN.PORT_Selector_reg[0]                                                                                                                                          |                                                                                                                                                |               14 |             47 |
|  design_1_i/clk_wiz_1/inst/clk_out1                            | design_1_i/microblaze_0/U0/MicroBlaze_Core_I/Performance.Core/Decode_I/PreFetch_Buffer_I1/Instruction_Prefetch_Mux[42].Instr_Mux_MUXF7/IReady_0                                                            |                                                                                                                                                |               10 |             75 |
|  design_1_i/mdm_1/U0/No_Dbg_Reg_Access.BUFG_DRCK/Ext_JTAG_DRCK |                                                                                                                                                                                                            |                                                                                                                                                |               27 |             80 |
|  design_1_i/clk_wiz_1/inst/clk_out1                            | design_1_i/microblaze_0/U0/MicroBlaze_Core_I/Performance.Core/Decode_I/Use_MuxCy[3].OF_Piperun_Stage/MUXCY_I/Using_FPGA.Native_0                                                                           | design_1_i/microblaze_0/U0/MicroBlaze_Core_I/sync_reset                                                                                        |               28 |             84 |
|  design_1_i/clk_wiz_1/inst/clk_out1                            | design_1_i/microblaze_0/U0/MicroBlaze_Core_I/Performance.Core/Decode_I/Performance_Debug_Control.dbg_state_nohalt_reg[34]                                                                                  |                                                                                                                                                |               16 |            128 |
|  design_1_i/clk_wiz_1/inst/clk_out1                            |                                                                                                                                                                                                            | design_1_i/microblaze_0/U0/MicroBlaze_Core_I/sync_reset                                                                                        |               68 |            149 |
|  design_1_i/clk_wiz_1/inst/clk_out1                            | design_1_i/microblaze_0/U0/MicroBlaze_Core_I/Performance.Core/Decode_I/Use_MuxCy[11].OF_Piperun_Stage/MUXCY_I/of_pause_reg                                                                                 | design_1_i/microblaze_0/U0/MicroBlaze_Core_I/sync_reset                                                                                        |               77 |            218 |
|  design_1_i/clk_wiz_1/inst/clk_out1                            |                                                                                                                                                                                                            |                                                                                                                                                |               97 |            231 |
+----------------------------------------------------------------+------------------------------------------------------------------------------------------------------------------------------------------------------------------------------------------------------------+------------------------------------------------------------------------------------------------------------------------------------------------+------------------+----------------+


